c:\users\sebastian\documents\github\labsdiseno\lab2\decorador herencia\decorador herencia\debug\vc142.pdb
c:\users\sebastian\documents\github\labsdiseno\lab2\decorador herencia\decorador herencia\debug\vc142.idb
c:\users\sebastian\documents\github\labsdiseno\lab2\decorador herencia\decorador herencia\debug\decorador herencia.obj
c:\users\sebastian\documents\github\labsdiseno\lab2\decorador herencia\debug\decorador herencia.pdb
c:\users\sebastian\documents\github\labsdiseno\lab2\decorador herencia\decorador herencia\debug\decorado.4d189676.tlog\cl.command.1.tlog
c:\users\sebastian\documents\github\labsdiseno\lab2\decorador herencia\decorador herencia\debug\decorado.4d189676.tlog\cl.read.1.tlog
c:\users\sebastian\documents\github\labsdiseno\lab2\decorador herencia\decorador herencia\debug\decorado.4d189676.tlog\cl.write.1.tlog
c:\users\sebastian\documents\github\labsdiseno\lab2\decorador herencia\decorador herencia\debug\decorado.4d189676.tlog\link-cvtres.read.1.tlog
c:\users\sebastian\documents\github\labsdiseno\lab2\decorador herencia\decorador herencia\debug\decorado.4d189676.tlog\link-cvtres.write.1.tlog
c:\users\sebastian\documents\github\labsdiseno\lab2\decorador herencia\decorador herencia\debug\decorado.4d189676.tlog\link-rc.read.1.tlog
c:\users\sebastian\documents\github\labsdiseno\lab2\decorador herencia\decorador herencia\debug\decorado.4d189676.tlog\link-rc.write.1.tlog
c:\users\sebastian\documents\github\labsdiseno\lab2\decorador herencia\decorador herencia\debug\decorado.4d189676.tlog\link.17600-cvtres.read.1.tlog
c:\users\sebastian\documents\github\labsdiseno\lab2\decorador herencia\decorador herencia\debug\decorado.4d189676.tlog\link.17600-cvtres.write.1.tlog
c:\users\sebastian\documents\github\labsdiseno\lab2\decorador herencia\decorador herencia\debug\decorado.4d189676.tlog\link.17600-rc.read.1.tlog
c:\users\sebastian\documents\github\labsdiseno\lab2\decorador herencia\decorador herencia\debug\decorado.4d189676.tlog\link.17600-rc.write.1.tlog
c:\users\sebastian\documents\github\labsdiseno\lab2\decorador herencia\decorador herencia\debug\decorado.4d189676.tlog\link.17600.read.1.tlog
c:\users\sebastian\documents\github\labsdiseno\lab2\decorador herencia\decorador herencia\debug\decorado.4d189676.tlog\link.17600.write.1.tlog
c:\users\sebastian\documents\github\labsdiseno\lab2\decorador herencia\decorador herencia\debug\decorado.4d189676.tlog\link.command.1.tlog
c:\users\sebastian\documents\github\labsdiseno\lab2\decorador herencia\decorador herencia\debug\decorado.4d189676.tlog\link.read.1.tlog
c:\users\sebastian\documents\github\labsdiseno\lab2\decorador herencia\decorador herencia\debug\decorado.4d189676.tlog\link.write.1.tlog
